[debug] [2024-03-20T06:54:36.356Z] ----------------------------------------------------------------------
[debug] [2024-03-20T06:54:36.358Z] Command:       /usr/local/bin/firebase /home/young/.cache/firebase/tools/lib/node_modules/firebase-tools/lib/bin/firebase init
[debug] [2024-03-20T06:54:36.358Z] CLI Version:   13.5.2
[debug] [2024-03-20T06:54:36.358Z] Platform:      linux
[debug] [2024-03-20T06:54:36.358Z] Node Version:  v18.5.0
[debug] [2024-03-20T06:54:36.359Z] Time:          Wed Mar 20 2024 01:54:36 GMT-0500 (Central Daylight Time)
[debug] [2024-03-20T06:54:36.359Z] ----------------------------------------------------------------------
[debug] 
[debug] [2024-03-20T06:54:36.364Z] > command requires scopes: ["email","openid","https://www.googleapis.com/auth/cloudplatformprojects.readonly","https://www.googleapis.com/auth/firebase","https://www.googleapis.com/auth/cloud-platform"]
[debug] [2024-03-20T06:54:36.364Z] > authorizing via signed-in user (young.han@utexas.edu)
[info] 
     ######## #### ########  ######## ########     ###     ######  ########
     ##        ##  ##     ## ##       ##     ##  ##   ##  ##       ##
     ######    ##  ########  ######   ########  #########  ######  ######
     ##        ##  ##    ##  ##       ##     ## ##     ##       ## ##
     ##       #### ##     ## ######## ########  ##     ##  ######  ########

You're about to initialize a Firebase project in this directory:

  /home/young/project/resia/React-Landing-Page-Template

[info] 
=== Project Setup
[info] 
[info] First, let's associate this project directory with a Firebase project.
[info] You can create multiple project aliases by running firebase use --add, 
[info] but for now we'll just set up a default project.
[info] 
[info] i  If you want to create a project in a Google Cloud organization or folder, please use "firebase projects:create" instead, and return to this command when you've created the project. 
[debug] [2024-03-20T06:55:46.289Z] >>> [apiv2][query] POST https://cloudresourcemanager.googleapis.com/v1/projects [none]
[debug] [2024-03-20T06:55:46.289Z] >>> [apiv2][body] POST https://cloudresourcemanager.googleapis.com/v1/projects {"projectId":"resia-init","name":"resia"}
[debug] [2024-03-20T06:55:46.574Z] <<< [apiv2][status] POST https://cloudresourcemanager.googleapis.com/v1/projects 400
[debug] [2024-03-20T06:55:46.574Z] <<< [apiv2][body] POST https://cloudresourcemanager.googleapis.com/v1/projects {"error":{"code":400,"message":"Cloud Resource Manager project creation is disabled. Contact your administrator to enable this setting in the Google Cloud Platform service in the Google Workspace Admin console. See https://support.google.com/a/answer/9197205 for more information.","status":"FAILED_PRECONDITION","details":[{"@type":"type.googleapis.com/google.rpc.PreconditionFailure","violations":[{"type":"SERVICE","description":"Cloud Resource Manager project creation is disabled. Contact your administrator to enable this setting in the Google Cloud Platform service in the Google Workspace Admin console. See https://support.google.com/a/answer/9197205 for more information."}]}]}}
[debug] [2024-03-20T06:55:46.575Z] FirebaseError: HTTP Error: 400, Cloud Resource Manager project creation is disabled. Contact your administrator to enable this setting in the Google Cloud Platform service in the Google Workspace Admin console. See https://support.google.com/a/answer/9197205 for more information.
    at responseToError (/home/young/.cache/firebase/tools/lib/node_modules/firebase-tools/lib/responseToError.js:49:12)
    at RetryOperation._fn (/home/young/.cache/firebase/tools/lib/node_modules/firebase-tools/lib/apiv2.js:297:77)
    at process.processTicksAndRejections (node:internal/process/task_queues:95:5)
[error] 
[error] Error: Failed to create project. See firebase-debug.log for more info.
